<?xml version="1.0" encoding="UTF-8"?>
<testsuite name="PangramCheckerTest" tests="10" skipped="0" failures="0" errors="0" timestamp="2024-10-03T08:19:03" hostname="WIN" time="0.115">
  <properties/>
  <testcase name="perfectLowerCasePhraseIsPangram()" classname="PangramCheckerTest" time="0.078"/>
  <testcase name="phraseWithNumbersIsPangram()" classname="PangramCheckerTest" time="0.003"/>
  <testcase name="phraseWithUnderscoresIsPangram()" classname="PangramCheckerTest" time="0.003"/>
  <testcase name="phraseWithOnlyLowerCaseIsPangram()" classname="PangramCheckerTest" time="0.003"/>
  <testcase name="phraseMissingCharacterXIsNotPangram()" classname="PangramCheckerTest" time="0.004"/>
  <testcase name="phraseMissingCharacterHIsNotPangram()" classname="PangramCheckerTest" time="0.003"/>
  <testcase name="phraseWithMissingLettersReplacedByNumbersIsNotPangram()" classname="PangramCheckerTest" time="0.004"/>
  <testcase name="emptySentenceIsNotPangram()" classname="PangramCheckerTest" time="0.001"/>
  <testcase name="phraseWithMixedCaseAndPunctuationIsPangram()" classname="PangramCheckerTest" time="0.002"/>
  <testcase name="caseInsensitivePhraseIsNotPangram()" classname="PangramCheckerTest" time="0.002"/>
  <system-out><![CDATA[W:true
H:true
K:true
A:true
J:true
L:true
R:true
U:true
Z:true
M:true
S:true
D:true
T:true
N:true
B:true
E:true
I:true
Q:true
G:true
O:true
Y:true
F:true
P:true
X:true
C:true
W:true
H:true
K:true
A:true
J:true
L:true
R:true
U:true
Z:true
M:true
S:true
D:true
T:true
N:true
B:true
E:true
I:true
Q:true
G:true
O:true
Y:true
F:true
P:true
X:true
C:true
W:true
H:true
K:true
A:true
J:true
L:true
R:true
U:true
Z:true
M:true
S:true
D:true
T:true
N:true
B:true
E:true
I:true
Q:true
G:true
O:true
Y:true
F:true
P:true
X:true
C:true
W:true
H:true
K:true
A:true
J:true
L:true
R:true
U:true
Z:true
M:true
S:true
D:true
T:true
N:true
B:true
E:true
I:true
Q:true
G:true
O:true
Y:true
F:true
P:true
X:true
C:true
W:true
H:true
K:true
A:true
J:true
L:true
R:true
U:true
Z:true
M:true
S:true
D:true
T:true
N:true
B:true
E:true
I:true
Q:true
G:true
O:true
Y:true
F:true
P:true
X:false
C:true
W:true
H:false
K:true
A:true
J:true
L:true
R:true
U:true
Z:true
M:true
S:true
D:true
T:true
N:true
B:true
E:true
I:true
Q:true
G:true
O:true
Y:true
F:true
P:true
X:true
C:true
W:true
H:true
K:true
A:true
J:true
L:true
R:true
U:true
Z:true
M:true
S:true
D:true
T:false
N:true
B:true
E:false
I:false
Q:true
G:true
O:true
Y:true
F:true
P:true
X:true
C:true
W:true
H:true
K:true
A:true
J:true
L:true
R:true
U:true
Z:true
M:true
S:true
D:true
T:true
N:true
B:true
E:true
I:true
Q:true
G:true
O:true
Y:true
F:true
P:true
X:true
C:true
W:false
H:true
K:true
A:true
J:true
L:true
R:false
U:false
Z:false
M:true
S:false
D:true
T:false
N:false
B:true
E:true
I:true
Q:false
G:true
O:false
Y:false
F:true
P:false
X:false
C:true
]]></system-out>
  <system-err><![CDATA[]]></system-err>
</testsuite>
