<?xml version="1.0" encoding="UTF-8"?>
<testsuite name="GraphTest" tests="7" skipped="0" failures="0" errors="0" timestamp="2024-09-30T10:19:49" hostname="WIN" time="0.089">
  <properties/>
  <testcase name="testEmptyGraph()" classname="GraphTest" time="0.064"/>
  <testcase name="graph with attributes" classname="GraphTest" time="0.006"/>
  <testcase name="graph with one edge with keywords" classname="GraphTest" time="0.003"/>
  <testcase name="graph with one edge" classname="GraphTest" time="0.001"/>
  <testcase name="graph with one node" classname="GraphTest" time="0.002"/>
  <testcase name="graph with one attribute" classname="GraphTest" time="0.002"/>
  <testcase name="graph with one node with keywords" classname="GraphTest" time="0.001"/>
  <system-out><![CDATA[]]></system-out>
  <system-err><![CDATA[]]></system-err>
</testsuite>
