<?xml version="1.0" encoding="UTF-8"?>
<testsuite name="ResistorColorTrioTest" tests="10" skipped="0" failures="0" errors="0" timestamp="2024-10-01T16:31:20" hostname="WIN" time="0.096">
  <properties/>
  <testcase name="testBlueAndVioletAndBlue()" classname="ResistorColorTrioTest" time="0.071"/>
  <testcase name="testOrangeAndOrangeAndBlack()" classname="ResistorColorTrioTest" time="0.002"/>
  <testcase name="testWhiteAndWhiteAndWhite()" classname="ResistorColorTrioTest" time="0.002"/>
  <testcase name="testYellowAndVioletAndYellow()" classname="ResistorColorTrioTest" time="0.001"/>
  <testcase name="testGreenAndBrownAndOrange()" classname="ResistorColorTrioTest" time="0.001"/>
  <testcase name="testRedAndBlackAndRed()" classname="ResistorColorTrioTest" time="0.002"/>
  <testcase name="testIgnoreExtraColors()" classname="ResistorColorTrioTest" time="0.002"/>
  <testcase name="testBlackAndBlackAndBlack()" classname="ResistorColorTrioTest" time="0.002"/>
  <testcase name="testFirstTwoColorsMakeAnInvalidOctalNumber()" classname="ResistorColorTrioTest" time="0.001"/>
  <testcase name="testBlueAndGreyAndBrown()" classname="ResistorColorTrioTest" time="0.001"/>
  <system-out><![CDATA[7
6
3
0
9
9
7
4
1
3
0
2
5
4
0
0
8
0
8
1
]]></system-out>
  <system-err><![CDATA[]]></system-err>
</testsuite>
