<?xml version="1.0" encoding="UTF-8"?>
<testsuite name="HammingTest" tests="9" skipped="0" failures="0" errors="0" timestamp="2024-10-01T16:47:02" hostname="WIN" time="0.088">
  <properties/>
  <testcase name="testCompleteDistanceInSingleLetterDifferentStrands()" classname="HammingTest" time="0.06"/>
  <testcase name="testNoDistanceBetweenEmptyStrands()" classname="HammingTest" time="0.001"/>
  <testcase name="testNoDistanceBetweenShortIdenticalStrands()" classname="HammingTest" time="0.001"/>
  <testcase name="testDisallowLeftEmptyStrand()" classname="HammingTest" time="0.006"/>
  <testcase name="testDistanceInLongIdenticalStrands()" classname="HammingTest" time="0.001"/>
  <testcase name="testDisallowRightEmptyStrand()" classname="HammingTest" time="0.002"/>
  <testcase name="testDistanceInLongDifferentStrands()" classname="HammingTest" time="0.002"/>
  <testcase name="testValidatesFirstStrandNotLonger()" classname="HammingTest" time="0.002"/>
  <testcase name="testValidatesSecondStrandNotLonger()" classname="HammingTest" time="0.001"/>
  <system-out><![CDATA[]]></system-out>
  <system-err><![CDATA[]]></system-err>
</testsuite>
