<?xml version="1.0" encoding="UTF-8"?>
<testsuite name="ResistorColorDuoTest" tests="7" skipped="0" failures="0" errors="0" timestamp="2024-09-30T15:38:14" hostname="WIN" time="0.077">
  <properties/>
  <testcase name="testWhiteAndRed()" classname="ResistorColorDuoTest" time="0.056"/>
  <testcase name="testBlackAndBrownOneDigit()" classname="ResistorColorDuoTest" time="0.001"/>
  <testcase name="testBrownAndBlack()" classname="ResistorColorDuoTest" time="0.001"/>
  <testcase name="testBlueAndGrey()" classname="ResistorColorDuoTest" time="0.003"/>
  <testcase name="testOrangeAndOrange()" classname="ResistorColorDuoTest" time="0.002"/>
  <testcase name="testYellowAndViolet()" classname="ResistorColorDuoTest" time="0.002"/>
  <testcase name="testIgnoreAdditionalColors()" classname="ResistorColorDuoTest" time="0.002"/>
  <system-out><![CDATA[]]></system-out>
  <system-err><![CDATA[]]></system-err>
</testsuite>
