<?xml version="1.0" encoding="UTF-8"?>
<testsuite name="GigasecondTest" tests="6" skipped="0" failures="0" errors="0" timestamp="2024-10-01T15:50:26" hostname="WIN" time="0.072">
  <properties/>
  <testcase name="withFullTimeSpecified()" classname="GigasecondTest" time="0.06"/>
  <testcase name="modernTime()" classname="GigasecondTest" time="0.001"/>
  <testcase name="beforeEpochTime()" classname="GigasecondTest" time="0.0"/>
  <testcase name="afterEpochTime()" classname="GigasecondTest" time="0.001"/>
  <testcase name="withFullTimeSpecifiedAndDayRollover()" classname="GigasecondTest" time="0.002"/>
  <testcase name="doesNotMutateInput()" classname="GigasecondTest" time="0.001"/>
  <system-out><![CDATA[]]></system-out>
  <system-err><![CDATA[]]></system-err>
</testsuite>
